2023-03-22 01:02:48,217 INFO 89923 [egg-logrotator] app logger reload: got log-reload message
2023-03-22 01:46:08,014 WARN 89923 [TCPBase] socket is closed by other side while there were still unhandled data in the socket buffer
2023-03-22 01:46:08,014 WARN 89923 [ClusterClient:Watcher] follower closed, and try to init it again
2023-03-22 02:36:59,018 WARN 89923 [TCPBase] socket is closed by other side while there were still unhandled data in the socket buffer
2023-03-22 02:36:59,018 WARN 89923 [ClusterClient:Watcher] follower closed, and try to init it again
2023-03-22 04:25:06,014 WARN 89923 [TCPBase] socket is closed by other side while there were still unhandled data in the socket buffer
2023-03-22 04:25:06,014 WARN 89923 [ClusterClient:Watcher] follower closed, and try to init it again
2023-03-22 04:31:16,015 WARN 89923 [TCPBase] socket is closed by other side while there were still unhandled data in the socket buffer
2023-03-22 04:31:16,015 WARN 89923 [ClusterClient:Watcher] follower closed, and try to init it again
2023-03-22 04:31:16,159 INFO 89923 [-/127.0.0.1/-/1ms SCHEDULE /__schedule?path=/Users/zzg/Desktop/egg-archive/node_modules/egg-multipart/app/schedule/clean_tmpdir.js&type=worker&cron=0%2030%204%20*%20*%20*&disable=false&immediate=false] [egg-multipart:CleanTmpdir] start clean tmpdir: "/var/folders/jb/v76ltwd96lb3g46fvt7gjghw0000gn/T/egg-multipart-tmp/egg-archive"
2023-03-22 04:31:16,184 INFO 89923 [-/127.0.0.1/-/26ms SCHEDULE /__schedule?path=/Users/zzg/Desktop/egg-archive/node_modules/egg-multipart/app/schedule/clean_tmpdir.js&type=worker&cron=0%2030%204%20*%20*%20*&disable=false&immediate=false] [egg-multipart:CleanTmpdir] end
2023-03-22 06:19:29,012 WARN 89923 [TCPBase] socket is closed by other side while there were still unhandled data in the socket buffer
2023-03-22 06:19:29,012 WARN 89923 [ClusterClient:Watcher] follower closed, and try to init it again
2023-03-22 08:07:50,013 WARN 89923 [TCPBase] socket is closed by other side while there were still unhandled data in the socket buffer
2023-03-22 08:07:50,013 WARN 89923 [ClusterClient:Watcher] follower closed, and try to init it again
2023-03-22 09:32:33,009 WARN 89923 [TCPBase] socket is closed by other side while there were still unhandled data in the socket buffer
2023-03-22 09:32:33,009 WARN 89923 [ClusterClient:Watcher] follower closed, and try to init it again
2023-03-22 10:42:07,009 WARN 89923 [TCPBase] socket is closed by other side while there were still unhandled data in the socket buffer
2023-03-22 10:42:07,009 WARN 89923 [ClusterClient:Watcher] follower closed, and try to init it again
2023-03-23 11:17:39,989 INFO 98120 [egg:logger] init all loggers with options: {"dir":"/Users/zzg/Desktop/egg-archive/logs/egg-archive","encoding":"utf8","env":"local","level":"INFO","consoleLevel":"INFO","disableConsoleAfterReady":false,"outputJSON":false,"buffer":true,"appLogName":"egg-archive-web.log","coreLogName":"egg-web.log","agentLogName":"egg-agent.log","errorLogName":"common-error.log","coreLogger":{"consoleLevel":"WARN"},"allowDebugAtProd":false,"enablePerformanceTimer":false,"enableFastContextLogger":false,"type":"application","localStorage":{"enabled":false}}
2023-03-23 11:17:39,989 INFO 98120 [egg-multipart] stream mode enable
2023-03-23 11:17:40,107 INFO 98120 [egg-static] starting static serve /public/ -> /Users/zzg/Desktop/egg-archive/app/public
2023-03-23 11:17:40,109 INFO 98120 [egg-security] use methodnoallow middleware
2023-03-23 11:17:40,109 INFO 98120 [egg-security] use noopen middleware
2023-03-23 11:17:40,110 INFO 98120 [egg-security] use nosniff middleware
2023-03-23 11:17:40,110 INFO 98120 [egg-security] use xssProtection middleware
2023-03-23 11:17:40,110 INFO 98120 [egg-security] use xframe middleware
2023-03-23 11:17:40,111 INFO 98120 [egg-security] use dta middleware
2023-03-23 11:17:40,112 INFO 98120 [egg-security] compose 6 middlewares into one security middleware
2023-03-23 11:17:40,150 INFO 98120 [egg:core] dump config after load, 4ms
2023-03-23 11:17:40,177 INFO 98120 [egg-watcher:application] watcher start success
2023-03-23 11:17:40,193 INFO 98120 egg start timeline:
▇▇▇▇▇▇▇▇▇▇▇▇▇▇▇▇▇▇▇▇▇▇▇▇▇▇▇▇▇▇▇▇ [688ms] - #0 Process Start
                                ▇▇▇▇▇▇▇▇▇▇▇▇▇▇▇▇▇ [367ms] - #1 Application Start
                                ▇ [6ms] - #2 Load Plugin
                                ▇ [10ms] - #3 Load Config
                                ▇ [0ms] - #4 Require(0) config/config.default.js
                                ▇ [0ms] - #5 Require(1) node_modules/egg-session/config/config.default.js
                                ▇ [0ms] - #6 Require(2) node_modules/egg-security/config/config.default.js
                                ▇ [0ms] - #7 Require(3) node_modules/egg-jsonp/config/config.default.js
                                ▇ [0ms] - #8 Require(4) node_modules/egg-onerror/config/config.default.js
                                ▇ [0ms] - #9 Require(5) node_modules/egg-i18n/config/config.default.js
                                ▇ [0ms] - #10 Require(6) node_modules/egg-watcher/config/config.default.js
                                ▇ [0ms] - #11 Require(7) node_modules/egg-schedule/config/config.default.js
                                ▇ [0ms] - #12 Require(8) node_modules/egg-multipart/config/config.default.js
                                ▇ [0ms] - #13 Require(9) node_modules/egg-development/config/config.default.js
                                ▇ [1ms] - #14 Require(10) node_modules/egg-logrotator/config/config.default.js
                                ▇ [0ms] - #15 Require(11) node_modules/egg-static/config/config.default.js
                                ▇ [0ms] - #16 Require(12) node_modules/egg-view/config/config.default.js
                                ▇ [1ms] - #17 Require(13) node_modules/egg-view-nunjucks/config/config.default.js
                                ▇ [0ms] - #18 Require(14) node_modules/egg/config/config.default.js
                                ▇ [0ms] - #19 Require(15) config/config.default.js
                                ▇ [0ms] - #20 Require(16) node_modules/egg-security/config/config.local.js
                                ▇ [0ms] - #21 Require(17) node_modules/egg-watcher/config/config.local.js
                                ▇ [0ms] - #22 Require(18) node_modules/egg-view/config/config.local.js
                                ▇ [0ms] - #23 Require(19) node_modules/egg-view-nunjucks/config/config.local.js
                                 ▇ [0ms] - #24 Require(20) node_modules/egg/config/config.local.js
                                 ▇▇ [57ms] - #25 Load extend/application.js
                                 ▇ [1ms] - #26 Require(21) node_modules/egg-session/app/extend/application.js
                                 ▇ [7ms] - #27 Require(22) node_modules/egg-security/app/extend/application.js
                                 ▇ [1ms] - #28 Require(23) node_modules/egg-jsonp/app/extend/application.js
                                 ▇ [2ms] - #29 Require(24) node_modules/egg-schedule/app/extend/application.js
                                 ▇ [2ms] - #30 Require(25) node_modules/egg-logrotator/app/extend/application.js
                                 ▇ [2ms] - #31 Require(26) node_modules/egg-view/app/extend/application.js
                                 ▇ [39ms] - #32 Require(27) node_modules/egg-view-nunjucks/app/extend/application.js
                                   ▇ [19ms] - #33 Load extend/request.js
                                   ▇ [17ms] - #34 Require(28) node_modules/egg/app/extend/request.js
                                    ▇ [6ms] - #35 Load extend/response.js
                                    ▇ [3ms] - #36 Require(29) node_modules/egg/app/extend/response.js
                                    ▇ [14ms] - #37 Load extend/context.js
                                    ▇ [5ms] - #38 Require(30) node_modules/egg-security/app/extend/context.js
                                     ▇ [1ms] - #39 Require(31) node_modules/egg-jsonp/app/extend/context.js
                                     ▇ [0ms] - #40 Require(32) node_modules/egg-i18n/app/extend/context.js
                                     ▇ [6ms] - #41 Require(33) node_modules/egg-multipart/app/extend/context.js
                                     ▇ [1ms] - #42 Require(34) node_modules/egg-view/app/extend/context.js
                                     ▇ [0ms] - #43 Require(35) node_modules/egg/app/extend/context.js
                                     ▇ [30ms] - #44 Load extend/helper.js
                                     ▇ [26ms] - #45 Require(36) node_modules/egg-security/app/extend/helper.js
                                      ▇ [1ms] - #46 Require(37) node_modules/egg/app/extend/helper.js
                                       ▇ [28ms] - #47 Load app.js
                                       ▇ [0ms] - #48 Require(38) node_modules/egg-session/app.js
                                       ▇ [1ms] - #49 Require(39) node_modules/egg-security/app.js
                                       ▇ [8ms] - #50 Require(40) node_modules/egg-onerror/app.js
                                       ▇ [11ms] - #51 Require(41) node_modules/egg-i18n/app.js
                                        ▇ [2ms] - #52 Require(42) node_modules/egg-watcher/app.js
                                        ▇ [1ms] - #53 Require(43) node_modules/egg-schedule/app.js
                                        ▇ [1ms] - #54 Require(44) node_modules/egg-multipart/app.js
                                        ▇ [1ms] - #55 Require(45) node_modules/egg-development/app.js
                                        ▇ [0ms] - #56 Require(46) node_modules/egg-logrotator/app.js
                                        ▇ [0ms] - #57 Require(47) node_modules/egg-static/app.js
                                        ▇ [1ms] - #58 Require(48) node_modules/egg-view-nunjucks/app.js
                                        ▇▇▇▇▇▇▇▇ [184ms] - #59 Before Start in node_modules/egg-watcher/lib/init.js:15:14
                                         ▇ [5ms] - #60 Load Service
                                         ▇ [5ms] - #61 Load "service" to Context
                                         ▇▇▇▇ [91ms] - #62 Load Middleware
                                         ▇▇▇ [84ms] - #63 Load "middlewares" to Application
                                              ▇ [31ms] - #64 Load Controller
                                              ▇ [31ms] - #65 Load "controller" to Application
                                               ▇ [2ms] - #66 Load Router
                                               ▇ [1ms] - #67 Require(49) app/router.js
                                               ▇ [7ms] - #68 Before Start in node_modules/egg-core/lib/egg.js:304:10
2023-03-23 11:17:40,193 INFO 98120 [egg:core] dump config after ready, 12ms
2023-03-23 11:17:59,246 INFO 98120 [-/127.0.0.1/-/12ms GET /] [egg-view-nunjucks] loading templates from ["/Users/zzg/Desktop/egg-archive/app/view"]
2023-03-23 13:14:15,021 WARN 98120 [TCPBase] socket is closed by other side while there were still unhandled data in the socket buffer
2023-03-23 13:14:15,022 WARN 98120 [ClusterClient:Watcher] follower closed, and try to init it again
2023-03-23 13:31:33,008 WARN 98120 [TCPBase] socket is closed by other side while there were still unhandled data in the socket buffer
2023-03-23 13:31:33,008 WARN 98120 [ClusterClient:Watcher] follower closed, and try to init it again
2023-03-23 13:37:41,014 WARN 98120 [TCPBase] socket is closed by other side while there were still unhandled data in the socket buffer
2023-03-23 13:37:41,014 WARN 98120 [ClusterClient:Watcher] follower closed, and try to init it again
